{"E:\\test2\\math.js": {"path":"E:\\test2\\math.js","statementMap":{"0":{"start":{"line":1,"column":0},"end":{"line":6,"column":2}},"1":{"start":{"line":2,"column":18},"end":{"line":2,"column":23}},"2":{"start":{"line":3,"column":23},"end":{"line":3,"column":28}},"3":{"start":{"line":4,"column":23},"end":{"line":4,"column":28}},"4":{"start":{"line":5,"column":21},"end":{"line":5,"column":26}}},"fnMap":{"0":{"name":"(anonymous_0)","decl":{"start":{"line":2,"column":9},"end":{"line":2,"column":10}},"loc":{"start":{"line":2,"column":18},"end":{"line":2,"column":23}},"line":2},"1":{"name":"(anonymous_1)","decl":{"start":{"line":3,"column":14},"end":{"line":3,"column":15}},"loc":{"start":{"line":3,"column":23},"end":{"line":3,"column":28}},"line":3},"2":{"name":"(anonymous_2)","decl":{"start":{"line":4,"column":14},"end":{"line":4,"column":15}},"loc":{"start":{"line":4,"column":23},"end":{"line":4,"column":28}},"line":4},"3":{"name":"(anonymous_3)","decl":{"start":{"line":5,"column":12},"end":{"line":5,"column":13}},"loc":{"start":{"line":5,"column":21},"end":{"line":5,"column":26}},"line":5}},"branchMap":{},"s":{"0":1,"1":1,"2":0,"3":0,"4":1},"f":{"0":1,"1":0,"2":0,"3":1},"b":{},"_coverageSchema":"1a1c01bbd47fc00a2c39e90264f33305004495a9","hash":"e6eb0287cd3e4851dfc2f0e19dadd662c718a870"}
}
